app/build/intermediates/manifest_merge_blame_file/debug/manifest-merger-blame-debug-report.txt
1<?xml version="1.0" encoding="utf-8"?>
2<manifest xmlns:android="http://schemas.android.com/apk/res/android"
3    package="com.capstone.alzheimercare"
4    android:versionCode="1"
5    android:versionName="1.0" >
6
7    <uses-sdk
8        android:minSdkVersion="23"
8-->src\main\AndroidManifest.xml
9        android:targetSdkVersion="32" />
9-->src\main\AndroidManifest.xml
10
11    <uses-feature
11-->src\main\AndroidManifest.xml:4:5-84
12        android:name="android.hardware.camera"
12-->src\main\AndroidManifest.xml:4:19-57
13        android:required="true" />
13-->src\main\AndroidManifest.xml:4:58-81
14
15    <uses-permission android:name="android.permission.READ_EXTERNAL_STORAGE" />
15-->src\main\AndroidManifest.xml:5:5-80
15-->src\main\AndroidManifest.xml:5:22-77
16    <uses-permission android:name="android.permission.WRITE_EXTERNAL_STORAGE" />
16-->src\main\AndroidManifest.xml:6:5-81
16-->src\main\AndroidManifest.xml:6:22-78
17    <uses-permission android:name="android.permission.INTERNET" />
17-->src\main\AndroidManifest.xml:7:5-67
17-->src\main\AndroidManifest.xml:7:22-64
18    <uses-permission android:name="android.permission.CAMERA" />
18-->src\main\AndroidManifest.xml:8:5-65
18-->src\main\AndroidManifest.xml:8:22-62
19    <!-- Although the *SdkVersion is captured in gradle build files, this is required for non gradle builds -->
20    <!-- <uses-sdk android:minSdkVersion="14" /> -->
21    <uses-permission android:name="android.permission.ACCESS_NETWORK_STATE" />
21-->[com.google.firebase:firebase-firestore:23.0.1] AndroidManifest.xml:13:5-79
21-->[com.google.firebase:firebase-firestore:23.0.1] AndroidManifest.xml:13:22-76
22
23    <application
23-->src\main\AndroidManifest.xml:10:5-31:19
24        android:name="com.capstone.alzheimercare.ui.MyApplication"
24-->src\main\AndroidManifest.xml:11:9-41
25        android:allowBackup="true"
25-->src\main\AndroidManifest.xml:12:9-35
26        android:appComponentFactory="androidx.core.app.CoreComponentFactory"
26-->[androidx.core:core:1.5.0] AndroidManifest.xml:24:18-86
27        android:debuggable="true"
28        android:extractNativeLibs="false"
29        android:icon="@mipmap/ic_launcher"
29-->src\main\AndroidManifest.xml:13:9-43
30        android:label="@string/app_name"
30-->src\main\AndroidManifest.xml:14:9-41
31        android:roundIcon="@mipmap/ic_launcher_round"
31-->src\main\AndroidManifest.xml:15:9-54
32        android:supportsRtl="true"
32-->src\main\AndroidManifest.xml:16:9-35
33        android:testOnly="true"
34        android:theme="@style/Theme.AlzheimerCare" >
34-->src\main\AndroidManifest.xml:17:9-51
35        <activity android:name="com.capstone.alzheimercare.ui.login.LoginActivity" />
35-->src\main\AndroidManifest.xml:18:9-60
35-->src\main\AndroidManifest.xml:18:19-57
36        <activity android:name="com.capstone.alzheimercare.ui.onboarding.OnboardingActivity" />
36-->src\main\AndroidManifest.xml:19:9-69
36-->src\main\AndroidManifest.xml:19:19-67
37        <activity android:name="com.capstone.alzheimercare.ui.signup.SignUpActivity" />
37-->src\main\AndroidManifest.xml:20:9-62
37-->src\main\AndroidManifest.xml:20:19-59
38        <activity android:name="com.capstone.alzheimercare.ui.PatientActivity" />
38-->src\main\AndroidManifest.xml:21:9-55
38-->src\main\AndroidManifest.xml:21:19-53
39        <activity android:name="com.capstone.alzheimercare.ui.CaretakerActivity" />
39-->src\main\AndroidManifest.xml:22:9-57
39-->src\main\AndroidManifest.xml:22:19-55
40        <activity
40-->src\main\AndroidManifest.xml:23:9-30:20
41            android:name="com.capstone.alzheimercare.ui.splash.SplashScreenActivity"
41-->src\main\AndroidManifest.xml:23:19-65
42            android:exported="true" >
42-->src\main\AndroidManifest.xml:24:13-36
43            <intent-filter>
43-->src\main\AndroidManifest.xml:25:13-29:29
44                <action android:name="android.intent.action.MAIN" />
44-->src\main\AndroidManifest.xml:26:17-69
44-->src\main\AndroidManifest.xml:26:25-66
45
46                <category android:name="android.intent.category.LAUNCHER" />
46-->src\main\AndroidManifest.xml:28:17-77
46-->src\main\AndroidManifest.xml:28:27-74
47            </intent-filter>
48        </activity>
49
50        <service
50-->[com.google.firebase:firebase-firestore:23.0.1] AndroidManifest.xml:17:9-23:19
51            android:name="com.google.firebase.components.ComponentDiscoveryService"
51-->[com.google.firebase:firebase-firestore:23.0.1] AndroidManifest.xml:18:13-84
52            android:directBootAware="true"
52-->[com.google.firebase:firebase-common:20.0.0] AndroidManifest.xml:35:13-43
53            android:exported="false" >
53-->[com.google.firebase:firebase-firestore:23.0.1] AndroidManifest.xml:19:13-37
54            <meta-data
54-->[com.google.firebase:firebase-firestore:23.0.1] AndroidManifest.xml:20:13-22:85
55                android:name="com.google.firebase.components:com.google.firebase.firestore.FirestoreRegistrar"
55-->[com.google.firebase:firebase-firestore:23.0.1] AndroidManifest.xml:21:17-111
56                android:value="com.google.firebase.components.ComponentRegistrar" />
56-->[com.google.firebase:firebase-firestore:23.0.1] AndroidManifest.xml:22:17-82
57            <meta-data
57-->[com.google.firebase:firebase-storage:20.0.0] AndroidManifest.xml:33:13-35:85
58                android:name="com.google.firebase.components:com.google.firebase.storage.StorageRegistrar"
58-->[com.google.firebase:firebase-storage:20.0.0] AndroidManifest.xml:34:17-107
59                android:value="com.google.firebase.components.ComponentRegistrar" />
59-->[com.google.firebase:firebase-storage:20.0.0] AndroidManifest.xml:35:17-82
60        </service>
61        <service
61-->[androidx.room:room-runtime:2.3.0] AndroidManifest.xml:25:9-28:40
62            android:name="androidx.room.MultiInstanceInvalidationService"
62-->[androidx.room:room-runtime:2.3.0] AndroidManifest.xml:26:13-74
63            android:directBootAware="true"
63-->[androidx.room:room-runtime:2.3.0] AndroidManifest.xml:27:13-43
64            android:exported="false" />
64-->[androidx.room:room-runtime:2.3.0] AndroidManifest.xml:28:13-37
65
66        <activity
66-->[com.google.android.gms:play-services-base:17.4.0] AndroidManifest.xml:23:9-26:75
67            android:name="com.google.android.gms.common.api.GoogleApiActivity"
67-->[com.google.android.gms:play-services-base:17.4.0] AndroidManifest.xml:24:13-79
68            android:exported="false"
68-->[com.google.android.gms:play-services-base:17.4.0] AndroidManifest.xml:25:13-37
69            android:theme="@android:style/Theme.Translucent.NoTitleBar" />
69-->[com.google.android.gms:play-services-base:17.4.0] AndroidManifest.xml:26:13-72
70
71        <provider
71-->[com.google.firebase:firebase-common:20.0.0] AndroidManifest.xml:26:9-31:39
72            android:name="com.google.firebase.provider.FirebaseInitProvider"
72-->[com.google.firebase:firebase-common:20.0.0] AndroidManifest.xml:27:13-77
73            android:authorities="com.capstone.alzheimercare.firebaseinitprovider"
73-->[com.google.firebase:firebase-common:20.0.0] AndroidManifest.xml:28:13-72
74            android:directBootAware="true"
74-->[com.google.firebase:firebase-common:20.0.0] AndroidManifest.xml:29:13-43
75            android:exported="false"
75-->[com.google.firebase:firebase-common:20.0.0] AndroidManifest.xml:30:13-37
76            android:initOrder="100" />
76-->[com.google.firebase:firebase-common:20.0.0] AndroidManifest.xml:31:13-36
77
78        <meta-data
78-->[com.google.android.gms:play-services-basement:17.4.0] AndroidManifest.xml:23:9-25:69
79            android:name="com.google.android.gms.version"
79-->[com.google.android.gms:play-services-basement:17.4.0] AndroidManifest.xml:24:13-58
80            android:value="@integer/google_play_services_version" />
80-->[com.google.android.gms:play-services-basement:17.4.0] AndroidManifest.xml:25:13-66
81
82        <provider
82-->[androidx.lifecycle:lifecycle-process:2.0.0] AndroidManifest.xml:23:9-27:43
83            android:name="androidx.lifecycle.ProcessLifecycleOwnerInitializer"
83-->[androidx.lifecycle:lifecycle-process:2.0.0] AndroidManifest.xml:24:13-79
84            android:authorities="com.capstone.alzheimercare.lifecycle-process"
84-->[androidx.lifecycle:lifecycle-process:2.0.0] AndroidManifest.xml:25:13-69
85            android:exported="false"
85-->[androidx.lifecycle:lifecycle-process:2.0.0] AndroidManifest.xml:26:13-37
86            android:multiprocess="true" />
86-->[androidx.lifecycle:lifecycle-process:2.0.0] AndroidManifest.xml:27:13-40
87    </application>
88
89</manifest>